<?xml version="1.0" encoding="UTF-8"?>
<coverage generated="1716355076519" clover="3.2.0">
  <project timestamp="1716355076519" name="All files">
    <metrics statements="26" coveredstatements="25" conditionals="20" coveredconditionals="18" methods="6" coveredmethods="6" elements="52" coveredelements="49" complexity="0" loc="26" ncloc="26" packages="5" files="5" classes="5"/>
    <package name="01-sum">
      <metrics statements="4" coveredstatements="3" conditionals="4" coveredconditionals="3" methods="1" coveredmethods="1"/>
      <file name="sum.js" path="C:\Users\usuario\Downloads\Taller Testing\src\01-sum\sum.js">
        <metrics statements="4" coveredstatements="3" conditionals="4" coveredconditionals="3" methods="1" coveredmethods="1"/>
        <line num="2" count="1" type="cond" truecount="3" falsecount="1"/>
        <line num="3" count="0" type="stmt"/>
        <line num="5" count="1" type="stmt"/>
        <line num="8" count="1" type="stmt"/>
      </file>
    </package>
    <package name="02-sub">
      <metrics statements="6" coveredstatements="6" conditionals="6" coveredconditionals="5" methods="1" coveredmethods="1"/>
      <file name="sub.js" path="C:\Users\usuario\Downloads\Taller Testing\src\02-sub\sub.js">
        <metrics statements="6" coveredstatements="6" conditionals="6" coveredconditionals="5" methods="1" coveredmethods="1"/>
        <line num="1" count="1" type="stmt"/>
        <line num="2" count="2" type="cond" truecount="4" falsecount="0"/>
        <line num="3" count="1" type="stmt"/>
        <line num="5" count="1" type="stmt"/>
        <line num="6" count="1" type="cond" truecount="1" falsecount="1"/>
        <line num="9" count="1" type="stmt"/>
      </file>
    </package>
    <package name="03-factorial">
      <metrics statements="7" coveredstatements="7" conditionals="4" coveredconditionals="4" methods="1" coveredmethods="1"/>
      <file name="factorial.js" path="C:\Users\usuario\Downloads\Taller Testing\src\03-factorial\factorial.js">
        <metrics statements="7" coveredstatements="7" conditionals="4" coveredconditionals="4" methods="1" coveredmethods="1"/>
        <line num="2" count="3" type="cond" truecount="2" falsecount="0"/>
        <line num="3" count="2" type="cond" truecount="2" falsecount="0"/>
        <line num="4" count="1" type="stmt"/>
        <line num="5" count="1" type="stmt"/>
        <line num="6" count="5" type="stmt"/>
        <line num="8" count="1" type="stmt"/>
        <line num="11" count="1" type="stmt"/>
      </file>
    </package>
    <package name="04-esprimo">
      <metrics statements="5" coveredstatements="5" conditionals="4" coveredconditionals="4" methods="1" coveredmethods="1"/>
      <file name="esPrimo.js" path="C:\Users\usuario\Downloads\Taller Testing\src\04-esprimo\esPrimo.js">
        <metrics statements="5" coveredstatements="5" conditionals="4" coveredconditionals="4" methods="1" coveredmethods="1"/>
        <line num="2" count="3" type="cond" truecount="2" falsecount="0"/>
        <line num="3" count="2" type="stmt"/>
        <line num="4" count="6" type="cond" truecount="2" falsecount="0"/>
        <line num="6" count="1" type="stmt"/>
        <line num="9" count="1" type="stmt"/>
      </file>
    </package>
    <package name="05-capitalizarcadena">
      <metrics statements="4" coveredstatements="4" conditionals="2" coveredconditionals="2" methods="2" coveredmethods="2"/>
      <file name="capitalizarCadena.js" path="C:\Users\usuario\Downloads\Taller Testing\src\05-capitalizarcadena\capitalizarCadena.js">
        <metrics statements="4" coveredstatements="4" conditionals="2" coveredconditionals="2" methods="2" coveredmethods="2"/>
        <line num="2" count="3" type="cond" truecount="2" falsecount="0"/>
        <line num="3" count="2" type="stmt"/>
        <line num="5" count="4" type="stmt"/>
        <line num="9" count="1" type="stmt"/>
      </file>
    </package>
  </project>
</coverage>
