{"C:\\Users\\usuario\\Downloads\\Taller Testing\\src\\01-sum\\sum.js": {"path":"C:\\Users\\usuario\\Downloads\\Taller Testing\\src\\01-sum\\sum.js","statementMap":{"0":{"start":{"line":2,"column":2},"end":{"line":4,"column":3}},"1":{"start":{"line":3,"column":4},"end":{"line":3,"column":43}},"2":{"start":{"line":5,"column":2},"end":{"line":5,"column":21}},"3":{"start":{"line":8,"column":0},"end":{"line":8,"column":21}}},"fnMap":{"0":{"name":"sum","decl":{"start":{"line":1,"column":9},"end":{"line":1,"column":12}},"loc":{"start":{"line":1,"column":25},"end":{"line":6,"column":1}},"line":1}},"branchMap":{"0":{"loc":{"start":{"line":2,"column":2},"end":{"line":4,"column":3}},"type":"if","locations":[{"start":{"line":2,"column":2},"end":{"line":4,"column":3}},{"start":{},"end":{}}],"line":2},"1":{"loc":{"start":{"line":2,"column":6},"end":{"line":2,"column":46}},"type":"binary-expr","locations":[{"start":{"line":2,"column":6},"end":{"line":2,"column":24}},{"start":{"line":2,"column":28},"end":{"line":2,"column":46}}],"line":2}},"s":{"0":1,"1":0,"2":1,"3":1},"f":{"0":1},"b":{"0":[0,1],"1":[1,1]},"_coverageSchema":"1a1c01bbd47fc00a2c39e90264f33305004495a9","hash":"173b4c6ccfed6ac25d775321b4fd29ec85e1354c"}
,"C:\\Users\\usuario\\Downloads\\Taller Testing\\src\\02-sub\\sub.js": {"path":"C:\\Users\\usuario\\Downloads\\Taller Testing\\src\\02-sub\\sub.js","statementMap":{"0":{"start":{"line":1,"column":12},"end":{"line":7,"column":3}},"1":{"start":{"line":2,"column":4},"end":{"line":4,"column":5}},"2":{"start":{"line":3,"column":6},"end":{"line":3,"column":56}},"3":{"start":{"line":5,"column":19},"end":{"line":5,"column":40}},"4":{"start":{"line":6,"column":4},"end":{"line":6,"column":69}},"5":{"start":{"line":9,"column":2},"end":{"line":9,"column":23}}},"fnMap":{"0":{"name":"(anonymous_0)","decl":{"start":{"line":1,"column":12},"end":{"line":1,"column":13}},"loc":{"start":{"line":1,"column":28},"end":{"line":7,"column":3}},"line":1}},"branchMap":{"0":{"loc":{"start":{"line":2,"column":4},"end":{"line":4,"column":5}},"type":"if","locations":[{"start":{"line":2,"column":4},"end":{"line":4,"column":5}},{"start":{},"end":{}}],"line":2},"1":{"loc":{"start":{"line":2,"column":8},"end":{"line":2,"column":60}},"type":"binary-expr","locations":[{"start":{"line":2,"column":8},"end":{"line":2,"column":32}},{"start":{"line":2,"column":36},"end":{"line":2,"column":60}}],"line":2},"2":{"loc":{"start":{"line":6,"column":11},"end":{"line":6,"column":68}},"type":"cond-expr","locations":[{"start":{"line":6,"column":27},"end":{"line":6,"column":59}},{"start":{"line":6,"column":62},"end":{"line":6,"column":68}}],"line":6}},"s":{"0":1,"1":2,"2":1,"3":1,"4":1,"5":1},"f":{"0":2},"b":{"0":[1,1],"1":[2,1],"2":[1,0]},"_coverageSchema":"1a1c01bbd47fc00a2c39e90264f33305004495a9","hash":"eb1636da133d75a9c18c5dd0e33b3ad5226b40b2"}
,"C:\\Users\\usuario\\Downloads\\Taller Testing\\src\\03-factorial\\factorial.js": {"path":"C:\\Users\\usuario\\Downloads\\Taller Testing\\src\\03-factorial\\factorial.js","statementMap":{"0":{"start":{"line":2,"column":4},"end":{"line":2,"column":26}},"1":{"start":{"line":2,"column":15},"end":{"line":2,"column":26}},"2":{"start":{"line":3,"column":4},"end":{"line":3,"column":26}},"3":{"start":{"line":3,"column":17},"end":{"line":3,"column":26}},"4":{"start":{"line":4,"column":17},"end":{"line":4,"column":18}},"5":{"start":{"line":5,"column":4},"end":{"line":7,"column":5}},"6":{"start":{"line":5,"column":17},"end":{"line":5,"column":18}},"7":{"start":{"line":6,"column":8},"end":{"line":6,"column":20}},"8":{"start":{"line":8,"column":4},"end":{"line":8,"column":18}},"9":{"start":{"line":11,"column":0},"end":{"line":11,"column":27}}},"fnMap":{"0":{"name":"factorial","decl":{"start":{"line":1,"column":9},"end":{"line":1,"column":18}},"loc":{"start":{"line":1,"column":22},"end":{"line":9,"column":1}},"line":1}},"branchMap":{"0":{"loc":{"start":{"line":2,"column":4},"end":{"line":2,"column":26}},"type":"if","locations":[{"start":{"line":2,"column":4},"end":{"line":2,"column":26}},{"start":{},"end":{}}],"line":2},"1":{"loc":{"start":{"line":3,"column":4},"end":{"line":3,"column":26}},"type":"if","locations":[{"start":{"line":3,"column":4},"end":{"line":3,"column":26}},{"start":{},"end":{}}],"line":3}},"s":{"0":3,"1":1,"2":2,"3":1,"4":1,"5":1,"6":1,"7":5,"8":1,"9":1},"f":{"0":3},"b":{"0":[1,2],"1":[1,1]},"_coverageSchema":"1a1c01bbd47fc00a2c39e90264f33305004495a9","hash":"3f83aaf2fdc3c96f0f83897c52b1e30b7cbe9ee3"}
,"C:\\Users\\usuario\\Downloads\\Taller Testing\\src\\04-esprimo\\esPrimo.js": {"path":"C:\\Users\\usuario\\Downloads\\Taller Testing\\src\\04-esprimo\\esPrimo.js","statementMap":{"0":{"start":{"line":2,"column":4},"end":{"line":2,"column":31}},"1":{"start":{"line":2,"column":18},"end":{"line":2,"column":31}},"2":{"start":{"line":3,"column":4},"end":{"line":5,"column":5}},"3":{"start":{"line":3,"column":17},"end":{"line":3,"column":18}},"4":{"start":{"line":4,"column":8},"end":{"line":4,"column":40}},"5":{"start":{"line":4,"column":27},"end":{"line":4,"column":40}},"6":{"start":{"line":6,"column":4},"end":{"line":6,"column":16}},"7":{"start":{"line":9,"column":0},"end":{"line":9,"column":25}}},"fnMap":{"0":{"name":"esPrimo","decl":{"start":{"line":1,"column":9},"end":{"line":1,"column":16}},"loc":{"start":{"line":1,"column":22},"end":{"line":7,"column":1}},"line":1}},"branchMap":{"0":{"loc":{"start":{"line":2,"column":4},"end":{"line":2,"column":31}},"type":"if","locations":[{"start":{"line":2,"column":4},"end":{"line":2,"column":31}},{"start":{},"end":{}}],"line":2},"1":{"loc":{"start":{"line":4,"column":8},"end":{"line":4,"column":40}},"type":"if","locations":[{"start":{"line":4,"column":8},"end":{"line":4,"column":40}},{"start":{},"end":{}}],"line":4}},"s":{"0":3,"1":1,"2":2,"3":2,"4":6,"5":1,"6":1,"7":1},"f":{"0":3},"b":{"0":[1,2],"1":[1,5]},"_coverageSchema":"1a1c01bbd47fc00a2c39e90264f33305004495a9","hash":"bb2dbe957ba422e51e9dcaa8f5c5ff87e0839bfc"}
,"C:\\Users\\usuario\\Downloads\\Taller Testing\\src\\05-capitalizarcadena\\capitalizarCadena.js": {"path":"C:\\Users\\usuario\\Downloads\\Taller Testing\\src\\05-capitalizarcadena\\capitalizarCadena.js","statementMap":{"0":{"start":{"line":2,"column":4},"end":{"line":2,"column":39}},"1":{"start":{"line":2,"column":29},"end":{"line":2,"column":39}},"2":{"start":{"line":3,"column":4},"end":{"line":6,"column":19}},"3":{"start":{"line":5,"column":24},"end":{"line":5,"column":74}},"4":{"start":{"line":9,"column":0},"end":{"line":9,"column":35}}},"fnMap":{"0":{"name":"capitalizarCadena","decl":{"start":{"line":1,"column":9},"end":{"line":1,"column":26}},"loc":{"start":{"line":1,"column":35},"end":{"line":7,"column":1}},"line":1},"1":{"name":"(anonymous_1)","decl":{"start":{"line":5,"column":13},"end":{"line":5,"column":14}},"loc":{"start":{"line":5,"column":24},"end":{"line":5,"column":74}},"line":5}},"branchMap":{"0":{"loc":{"start":{"line":2,"column":4},"end":{"line":2,"column":39}},"type":"if","locations":[{"start":{"line":2,"column":4},"end":{"line":2,"column":39}},{"start":{},"end":{}}],"line":2}},"s":{"0":3,"1":1,"2":2,"3":4,"4":1},"f":{"0":3,"1":4},"b":{"0":[1,2]},"_coverageSchema":"1a1c01bbd47fc00a2c39e90264f33305004495a9","hash":"05ce4e3a91690cf791e22d50e79bf7728ef2a4df"}
}
